<?xml version="1.0" encoding="utf-8"?><testsuites name="pytest tests"><testsuite name="pytest" errors="0" failures="0" skipped="0" tests="9" time="0.985" timestamp="2026-09-02T11:07:22.799955+00:00" hostname="agent-env-f5325c38-a689-4354-8bd0-a27b571fbc47"><testcase classname="tests.test_closed_trades.TestPerformance" name="test_performance_all" time="0.265" /><testcase classname="tests.test_closed_trades.TestClosedTrades" name="test_page1_structure_and_aggregate" time="0.175" /><testcase classname="tests.test_closed_trades.TestClosedTrades" name="test_no_mongo_id_leak" time="0.080" /><testcase classname="tests.test_closed_trades.TestClosedTrades" name="test_page2_no_overlap_with_page1" time="0.149" /><testcase classname="tests.test_closed_trades.TestFeed" name="test_feed_ok" time="0.099" /><testcase classname="tests.test_closed_trades.TestClosedTrades" name="test_last_page_has_11_items" time="0.064" /><testcase classname="tests.test_closed_trades.TestClosedTrades" name="test_page_beyond_range_clamped" time="0.069" /><testcase classname="tests.test_closed_trades.TestClosedTrades" name="test_invalid_size_rejected" time="0.065" /><testcase classname="tests.test_closed_trades.TestClosedTrades" name="test_unknown_user_404" time="0.061" /></testsuite></testsuites>