<?xml version="1.0" encoding="utf-8"?><testsuites name="pytest tests"><testsuite name="pytest" errors="0" failures="0" skipped="1" tests="29" time="1.074" timestamp="2026-09-03T00:16:18.952436+00:00" hostname="agent-env-f5325c38-a689-4354-8bd0-a27b571fbc47"><testcase classname="tests.test_dual_env_routing_unit.TestLookupHelpers" name="test_find_account_state_unknown_returns_empty_dict" time="0.000" /><testcase classname="tests.test_dual_env_routing_unit.TestEnvRouting" name="test_admin_demo_account_routes_to_demo_client" time="0.000" /><testcase classname="tests.test_dual_env_routing_unit.TestLookupHelpers" name="test_find_account_state_none_safe" time="0.000" /><testcase classname="tests.test_dual_env_routing_unit.TestLookupHelpers" name="test_find_user_for_account_unknown_returns_none" time="0.000" /><testcase classname="tests.test_dual_env_routing_unit.TestEnvRouting" name="test_regular_user_live_account_routes_to_live_client" time="0.000" /><testcase classname="tests.test_dual_env_routing_unit.TestEnvRouting" name="test_islive_false_routes_to_demo" time="0.000" /><testcase classname="tests.test_dual_env_routing_unit.TestLookupHelpers" name="test_find_client_by_account_unknown_returns_none" time="0.000" /><testcase classname="tests.test_dual_env_routing_unit.TestLookupHelpers" name="test_all_authenticated_accounts_is_iterable" time="0.000" /><testcase classname="tests.test_dual_env_routing_unit.TestEnvRouting" name="test_islive_true_routes_to_live" time="0.000" /><testcase classname="tests.test_dual_env_routing_unit.TestEnvRouting" name="test_unknown_account_type_falls_back_to_main_env" time="0.000" /><testcase classname="tests.test_dual_env_routing_unit.TestLookupHelpers" name="test_merged_maps_are_dicts" time="0.000" /><testcase classname="tests.test_dual_env_routing_unit.TestEnvRouting" name="test_none_account_does_not_raise" time="0.000" /><testcase classname="tests.test_dual_env_ctrader.TestFeed" name="test_feed_returns_posts_with_symbol" time="0.242" /><testcase classname="tests.test_dual_env_ctrader.TestDualEnvStatus" name="test_connection_status_both_environments_authenticated" time="0.181" /><testcase classname="tests.test_dual_env_ctrader.TestDualEnvStatus" name="test_diagnostics_exposes_both_hosts" time="0.061" /><testcase classname="tests.test_dual_env_ctrader.TestFeed" name="test_feed_trade_posts_have_nonzero_pips_or_profit" time="0.064" /><testcase classname="tests.test_dual_env_ctrader.TestDualEnvStatus" name="test_diagnostics_both_streams_connected" time="0.065" /><testcase classname="tests.test_dual_env_ctrader.TestFeed" name="test_feed_current_price_present" time="0.063" /><testcase classname="tests.test_dual_env_ctrader.TestPtsmieaClosedTrades" name="test_closed_trades_pagination_and_aggregate" time="0.069" /><testcase classname="tests.test_dual_env_ctrader.TestFeed" name="test_feed_no_mongo_object_id" time="0.065" /><testcase classname="tests.test_dual_env_ctrader.TestPtsmieaClosedTrades" name="test_closed_trades_no_mongo_object_id" time="0.062" /><testcase classname="tests.test_dual_env_routing_unit.TestDualClientObjects" name="test_two_distinct_clients_with_opposite_envs" time="0.000" /><testcase classname="tests.test_dual_env_routing_unit.TestDualClientObjects" name="test_main_client_is_live" time="0.000" /><testcase classname="tests.test_dual_env_routing_unit.TestDualClientObjects" name="test_resolve_client_for_env" time="0.000" /><testcase classname="tests.test_dual_env_ctrader.TestHealth" name="test_health" time="0.134" /><testcase classname="tests.test_dual_env_ctrader.TestPtsmieaClosedTrades" name="test_performance_all_period" time="0.059" /><testcase classname="tests.test_dual_env_routing_unit.TestTickerImports" name="test_ticker_module_imports_cleanly" time="0.002" /><testcase classname="tests.test_dual_env_routing_unit.TestTickerImports" name="test_ticker_uses_dual_helpers" time="0.000" /><testcase classname="tests.test_dual_env_routing_unit.TestEnvMismatchRejection" name="test_live_client_rejects_demo_account[asyncio]" time="0.001"><skipped type="pytest.skip" message="Requires broker token; env-mismatch guard verified by code review">/app/backend/tests/test_dual_env_routing_unit.py:127: Requires broker token; env-mismatch guard verified by code review</skipped></testcase></testsuite></testsuites>