<?xml version="1.0" encoding="utf-8"?><testsuites name="pytest tests"><testsuite name="pytest" errors="0" failures="7" skipped="1" tests="86" time="15.316" timestamp="2026-09-03T00:13:40.675683+00:00" hostname="agent-env-f5325c38-a689-4354-8bd0-a27b571fbc47"><testcase classname="tests.backend_test.TestPasswordAuth" name="test_register_new_account" time="2.108" /><testcase classname="tests.backend_test.TestPasswordAuth" name="test_login_existing_account" time="0.275" /><testcase classname="tests.backend_test.TestPasswordAuth" name="test_login_wrong_password" time="0.271" /><testcase classname="tests.backend_test.TestPasswordAuth" name="test_short_password_rejected" time="0.065" /><testcase classname="tests.backend_test.TestPasswordAuth" name="test_invalid_email_rejected" time="0.061" /><testcase classname="tests.backend_test.TestPasswordAuth" name="test_register_without_consent_rejected" time="0.055" /><testcase classname="tests.test_ptsmiea_ctrader.TestFeedNumbers" name="test_all_posts_returned" time="2.813" /><testcase classname="tests.test_ptsmiea_ctrader.TestFeedNumbers" name="test_prices_and_symbols_valid" time="0.000" /><testcase classname="tests.test_ptsmiea_ctrader.TestFeedNumbers" name="test_pips_derived_from_price_diff" time="0.000" /><testcase classname="tests.test_ptsmiea_ctrader.TestFeedNumbers" name="test_no_1000x_pip_inflation" time="0.000" /><testcase classname="tests.test_ptsmiea_ctrader.TestFeedNumbers" name="test_profit_sum_matches_performance" time="0.000" /><testcase classname="tests.test_ptsmiea_ctrader.TestFeedNumbers" name="test_profit_nonzero_from_close_detail" time="0.000" /><testcase classname="tests.test_ptsmiea_ctrader.TestFeedNumbers" name="test_profit_percent_bounded" time="0.000" /><testcase classname="tests.test_ptsmiea_ctrader.TestFeedNumbers" name="test_profit_consistent_with_lot_and_pips" time="0.001"><failure message="AssertionError: profit vs (lot x move) inconsistent: [(0.01, -4.42, -8.96, -4.42), (0.01, 19.08, 38.04, 19.08), (0.1, -2.27, -233.0, -22.7), (0.01, -7.03, -14.18, -7.03), (0.01, -7.48, -15.08, -7.48)]&#10;assert not [(0.01, -4.42, -8.96, -4.42), (0.01, 19.08, 38.04, 19.08), (0.1, -2.27, -233.0, -22.7), (0.01, -7.03, -14.18, -7.03), (0.01, -7.48, -15.08, -7.48), (0.01, 6.92, 13.72, 6.92), ...]">E   AssertionError: profit vs (lot x move) inconsistent: [(0.01, -4.42, -8.96, -4.42), (0.01, 19.08, 38.04, 19.08), (0.1, -2.27, -233.0, -22.7), (0.01, -7.03, -14.18, -7.03), (0.01, -7.48, -15.08, -7.48)]
    assert not [(0.01, -4.42, -8.96, -4.42), (0.01, 19.08, 38.04, 19.08), (0.1, -2.27, -233.0, -22.7), (0.01, -7.03, -14.18, -7.03), (0.01, -7.48, -15.08, -7.48), (0.01, 6.92, 13.72, 6.92), ...]</failure></testcase><testcase classname="tests.test_ptsmiea_ctrader.TestFeedNumbers" name="test_ptsmiea_ownership_and_status" time="0.000" /><testcase classname="tests.test_closed_trades.TestClosedTrades" name="test_page1_structure_and_aggregate" time="0.248" /><testcase classname="tests.backend_test.TestPasswordAuth" name="test_password_reset_request" time="1.609" /><testcase classname="tests.test_closed_trades.TestClosedTrades" name="test_no_mongo_id_leak" time="0.085" /><testcase classname="tests.test_closed_trades.TestClosedTrades" name="test_page2_no_overlap_with_page1" time="0.196" /><testcase classname="tests.test_closed_trades.TestClosedTrades" name="test_last_page_has_11_items" time="0.108" /><testcase classname="tests.test_closed_trades.TestClosedTrades" name="test_page_beyond_range_clamped" time="0.089" /><testcase classname="tests.test_closed_trades.TestClosedTrades" name="test_invalid_size_rejected" time="0.085" /><testcase classname="tests.test_closed_trades.TestClosedTrades" name="test_unknown_user_404" time="0.079" /><testcase classname="tests.test_dual_env_routing_unit.TestEnvRouting" name="test_admin_demo_account_routes_to_demo_client" time="0.000" /><testcase classname="tests.test_dual_env_routing_unit.TestEnvRouting" name="test_regular_user_live_account_routes_to_live_client" time="0.000" /><testcase classname="tests.test_dual_env_routing_unit.TestEnvRouting" name="test_islive_false_routes_to_demo" time="0.000" /><testcase classname="tests.test_dual_env_routing_unit.TestEnvRouting" name="test_islive_true_routes_to_live" time="0.000" /><testcase classname="tests.test_dual_env_routing_unit.TestEnvRouting" name="test_unknown_account_type_falls_back_to_main_env" time="0.000" /><testcase classname="tests.test_dual_env_routing_unit.TestEnvRouting" name="test_none_account_does_not_raise" time="0.000" /><testcase classname="tests.test_dual_env_routing_unit.TestLookupHelpers" name="test_find_account_state_unknown_returns_empty_dict" time="0.000" /><testcase classname="tests.test_dual_env_routing_unit.TestLookupHelpers" name="test_find_account_state_none_safe" time="0.000" /><testcase classname="tests.test_dual_env_routing_unit.TestLookupHelpers" name="test_find_user_for_account_unknown_returns_none" time="0.000" /><testcase classname="tests.test_dual_env_routing_unit.TestLookupHelpers" name="test_find_client_by_account_unknown_returns_none" time="0.000" /><testcase classname="tests.test_dual_env_routing_unit.TestLookupHelpers" name="test_all_authenticated_accounts_is_iterable" time="0.000" /><testcase classname="tests.test_dual_env_routing_unit.TestLookupHelpers" name="test_merged_maps_are_dicts" time="0.000" /><testcase classname="tests.test_ctrader_shards.TestShardsStatusEndpoint" name="test_top_level_shape" time="0.166" /><testcase classname="tests.test_ctrader_shards.TestShardsStatusEndpoint" name="test_each_shard_authenticated_and_live_host" time="0.082"><failure message="AssertionError: {'shardId': 0, 'state': 'AUTHENTICATED', 'connected': True, 'environment': 'live', ...}&#10;assert None == 5035">E   AssertionError: {'shardId': 0, 'state': 'AUTHENTICATED', 'connected': True, 'environment': 'live', ...}
    assert None == 5035</failure></testcase><testcase classname="tests.test_ctrader_shards.TestShardsStatusEndpoint" name="test_auth_scheduler_config" time="0.000"><failure message="AssertionError: authScheduler missing&#10;assert {}">E   AssertionError: authScheduler missing
    assert {}</failure></testcase><testcase classname="tests.test_ctrader_shards.TestShardsStatusEndpoint" name="test_mongo_writer_metrics_present" time="0.000"><failure message="AssertionError: mongoWriter missing&#10;assert {}">E   AssertionError: mongoWriter missing
    assert {}</failure></testcase><testcase classname="tests.test_ctrader_shards.TestShardsStatusEndpoint" name="test_no_mongo_object_id_leaked" time="0.000" /><testcase classname="tests.backend_test.TestHealthAndConfig" name="test_feed" time="0.112" /><testcase classname="tests.backend_test.TestHealthAndConfig" name="test_energy_packages" time="0.061" /><testcase classname="tests.backend_test.TestHealthAndConfig" name="test_ctrader_config" time="0.060" /><testcase classname="tests.backend_test.TestHealthAndConfig" name="test_mayar_config" time="0.056" /><testcase classname="tests.test_ctrader_shards.TestConsistentHashing" name="test_numeric_account_stable_and_expected" time="0.004" /><testcase classname="tests.test_ctrader_shards.TestConsistentHashing" name="test_prefixed_account_same_shard" time="0.000" /><testcase classname="tests.test_ctrader_shards.TestConsistentHashing" name="test_range_and_single_shard" time="0.000" /><testcase classname="tests.test_ctrader_shards.TestConsistentHashing" name="test_non_numeric_falls_back_to_md5_stable" time="0.000" /><testcase classname="tests.test_ctrader_shards.TestLegacyDiagnostics" name="test_connection_status" time="0.114" /><testcase classname="tests.test_ctrader_shards.TestLegacyDiagnostics" name="test_diagnostics_has_state_and_shards" time="0.051"><failure message="AssertionError: shards array missing&#10;assert False&#10; +  where False = isinstance(None, list)&#10; +    where None = &lt;built-in method get of dict object at 0xfab39a26a2c0&gt;('shards')&#10; +      where &lt;built-in method get of dict object at 0xfab39a26a2c0&gt; = {'state': 'AUTHENTICATED', 'is_broker_connected': True, 'is_authenticated': True, 'environment': 'live', ...}.get">E   AssertionError: shards array missing
    assert False
     +  where False = isinstance(None, list)
     +    where None = &lt;built-in method get of dict object at 0xfab39a26a2c0&gt;('shards')
     +      where &lt;built-in method get of dict object at 0xfab39a26a2c0&gt; = {'state': 'AUTHENTICATED', 'is_broker_connected': True, 'is_authenticated': True, 'environment': 'live', ...}.get</failure></testcase><testcase classname="tests.test_ctrader_shards.TestLegacyDiagnostics" name="test_health_broker_status" time="0.092" /><testcase classname="tests.backend_test.TestPasswordAuth" name="test_user_persisted_via_login_endpoint" time="0.055" /><testcase classname="tests.test_ctrader_shards.TestLegacyDiagnostics" name="test_config" time="0.055" /><testcase classname="tests.test_ctrader_shards.TestShardAssignmentsCollection" name="test_eight_lease_docs_with_future_expiry" time="0.059"><failure message="AssertionError: expected 1 docs, got 0&#10;assert 0 == 1&#10; +  where 0 = len([])">E   AssertionError: expected 1 docs, got 0
    assert 0 == 1
     +  where 0 = len([])</failure></testcase><testcase classname="tests.test_ctrader_shards.TestShardAssignmentsCollection" name="test_indexes_present[broker_positions-expected_keys0]" time="0.001" /><testcase classname="tests.test_ctrader_shards.TestShardAssignmentsCollection" name="test_indexes_present[broker_deals-expected_keys1]" time="0.001" /><testcase classname="tests.test_ctrader_shards.TestShardAssignmentsCollection" name="test_indexes_present[account_snapshots-expected_keys2]" time="0.001" /><testcase classname="tests.test_ctrader_shards.TestShardAssignmentsCollection" name="test_indexes_present[shard_assignments-expected_keys3]" time="0.001" /><testcase classname="tests.test_ctrader_shards.TestShardAssignmentsCollection" name="test_indexes_present[pending_auth-expected_keys4]" time="0.001" /><testcase classname="tests.test_ctrader_shards.TestShardAssignmentsCollection" name="test_unique_indexes" time="0.001" /><testcase classname="tests.test_dual_env_ctrader.TestDualEnvStatus" name="test_connection_status_both_environments_authenticated" time="0.128" /><testcase classname="tests.test_dual_env_ctrader.TestFeed" name="test_feed_returns_posts_with_symbol" time="0.134" /><testcase classname="tests.test_dual_env_ctrader.TestDualEnvStatus" name="test_diagnostics_exposes_both_hosts" time="0.053" /><testcase classname="tests.test_dual_env_ctrader.TestFeed" name="test_feed_trade_posts_have_nonzero_pips_or_profit" time="0.067" /><testcase classname="tests.test_dual_env_ctrader.TestDualEnvStatus" name="test_diagnostics_both_streams_connected" time="0.053" /><testcase classname="tests.test_dual_env_ctrader.TestFeed" name="test_feed_current_price_present" time="0.069" /><testcase classname="tests.test_dual_env_ctrader.TestPtsmieaClosedTrades" name="test_closed_trades_pagination_and_aggregate" time="0.067" /><testcase classname="tests.test_dual_env_ctrader.TestFeed" name="test_feed_no_mongo_object_id" time="0.074" /><testcase classname="tests.test_dual_env_ctrader.TestPtsmieaClosedTrades" name="test_closed_trades_no_mongo_object_id" time="0.057" /><testcase classname="tests.test_dual_env_routing_unit.TestDualClientObjects" name="test_two_distinct_clients_with_opposite_envs" time="0.000" /><testcase classname="tests.test_dual_env_routing_unit.TestDualClientObjects" name="test_main_client_is_live" time="0.000" /><testcase classname="tests.test_dual_env_routing_unit.TestDualClientObjects" name="test_resolve_client_for_env" time="0.000" /><testcase classname="tests.test_dual_env_ctrader.TestPtsmieaClosedTrades" name="test_performance_all_period" time="0.064" /><testcase classname="tests.test_ptsmiea_ctrader.TestInfra" name="test_health" time="0.086" /><testcase classname="tests.test_dual_env_routing_unit.TestTickerImports" name="test_ticker_module_imports_cleanly" time="0.002" /><testcase classname="tests.test_dual_env_routing_unit.TestTickerImports" name="test_ticker_uses_dual_helpers" time="0.000" /><testcase classname="tests.backend_test.TestLLM" name="test_economic_event_answer" time="9.087" /><testcase classname="tests.test_ptsmiea_ctrader.TestInfra" name="test_ctrader_config" time="4.220" /><testcase classname="tests.test_ptsmiea_ctrader.TestPerformance" name="test_summary_matches_broker" time="0.482" /><testcase classname="tests.test_ptsmiea_ctrader.TestPerformance" name="test_risk_and_availability" time="0.000" /><testcase classname="tests.test_ctrader_shards.TestMongoWriter" name="test_debounced_position_upsert" time="0.081" /><testcase classname="tests.test_dual_env_ctrader.TestHealth" name="test_health" time="0.161" /><testcase classname="tests.test_dual_env_routing_unit.TestEnvMismatchRejection" name="test_live_client_rejects_demo_account[asyncio]" time="0.001"><skipped type="pytest.skip" message="Requires broker token; env-mismatch guard verified by code review">/app/backend/tests/test_dual_env_routing_unit.py:127: Requires broker token; env-mismatch guard verified by code review</skipped></testcase><testcase classname="tests.test_ptsmiea_ctrader.TestSessionState" name="test_user_me_reports_ctrader_connection" time="0.090"><failure message="AssertionError: broker session not persisted (token/accounts empty)&#10;assert False is True">E   AssertionError: broker session not persisted (token/accounts empty)
    assert False is True</failure></testcase><testcase classname="tests.test_closed_trades.TestPerformance" name="test_performance_all" time="0.135" /><testcase classname="tests.test_closed_trades.TestFeed" name="test_feed_ok" time="0.067" /></testsuite></testsuites>