<?xml version="1.0" encoding="utf-8"?><testsuites name="pytest tests"><testsuite name="pytest" errors="0" failures="0" skipped="0" tests="7" time="0.961" timestamp="2026-09-03T23:49:04.443333+00:00" hostname="agent-env-f5325c38-a689-4354-8bd0-a27b571fbc47"><testcase classname="tests.test_socketio_prod_path.TestSocketIOPath" name="test_api_socketio_handshake_200" time="0.306" /><testcase classname="tests.test_socketio_prod_path.TestBaselineRegressions" name="test_health" time="0.342" /><testcase classname="tests.test_socketio_prod_path.TestSocketIOPath" name="test_root_socketio_path_404" time="0.074" /><testcase classname="tests.test_socketio_prod_path.TestBaselineRegressions" name="test_closed_trades_aggregate" time="0.104" /><testcase classname="tests.test_socketio_prod_path.TestSocketIOPath" name="test_polling_session_full_cycle" time="0.203" /><testcase classname="tests.test_socketio_prod_path.TestBaselineRegressions" name="test_dual_env_authenticated" time="0.085" /><testcase classname="tests.test_socketio_prod_path.TestBaselineRegressions" name="test_feed_returns_posts" time="0.090" /></testsuite></testsuites>