<?xml version="1.0" encoding="utf-8"?><testsuites name="pytest tests"><testsuite name="pytest" errors="0" failures="2" skipped="0" tests="14" time="0.970" timestamp="2026-09-02T10:57:43.678089+00:00" hostname="agent-env-f5325c38-a689-4354-8bd0-a27b571fbc47"><testcase classname="tests.test_ptsmiea_ctrader.TestInfra" name="test_health" time="0.274" /><testcase classname="tests.test_ptsmiea_ctrader.TestInfra" name="test_ctrader_config" time="0.106" /><testcase classname="tests.test_ptsmiea_ctrader.TestFeedNumbers" name="test_all_posts_returned" time="0.566" /><testcase classname="tests.test_ptsmiea_ctrader.TestFeedNumbers" name="test_prices_and_symbols_valid" time="0.001" /><testcase classname="tests.test_ptsmiea_ctrader.TestFeedNumbers" name="test_pips_derived_from_price_diff" time="0.000" /><testcase classname="tests.test_ptsmiea_ctrader.TestFeedNumbers" name="test_no_1000x_pip_inflation" time="0.000" /><testcase classname="tests.test_ptsmiea_ctrader.TestFeedNumbers" name="test_profit_sum_matches_performance" time="0.000" /><testcase classname="tests.test_ptsmiea_ctrader.TestFeedNumbers" name="test_profit_nonzero_from_close_detail" time="0.000" /><testcase classname="tests.test_ptsmiea_ctrader.TestFeedNumbers" name="test_profit_percent_bounded" time="0.000" /><testcase classname="tests.test_ptsmiea_ctrader.TestFeedNumbers" name="test_profit_consistent_with_lot_and_pips" time="0.000"><failure message="AssertionError: profit vs (lot x move) inconsistent: [(0.01, -4.42, -8.96, -4.42), (0.01, 19.08, 38.04, 19.08), (0.1, -2.27, -233.0, -22.7), (0.01, -7.03, -14.18, -7.03), (0.01, -7.48, -15.08, -7.48)]&#10;assert not [(0.01, -4.42, -8.96, -4.42), (0.01, 19.08, 38.04, 19.08), (0.1, -2.27, -233.0, -22.7), (0.01, -7.03, -14.18, -7.03), (0.01, -7.48, -15.08, -7.48), (0.01, 6.92, 13.72, 6.92), ...]">E   AssertionError: profit vs (lot x move) inconsistent: [(0.01, -4.42, -8.96, -4.42), (0.01, 19.08, 38.04, 19.08), (0.1, -2.27, -233.0, -22.7), (0.01, -7.03, -14.18, -7.03), (0.01, -7.48, -15.08, -7.48)]
    assert not [(0.01, -4.42, -8.96, -4.42), (0.01, 19.08, 38.04, 19.08), (0.1, -2.27, -233.0, -22.7), (0.01, -7.03, -14.18, -7.03), (0.01, -7.48, -15.08, -7.48), (0.01, 6.92, 13.72, 6.92), ...]</failure></testcase><testcase classname="tests.test_ptsmiea_ctrader.TestFeedNumbers" name="test_ptsmiea_ownership_and_status" time="0.000" /><testcase classname="tests.test_ptsmiea_ctrader.TestPerformance" name="test_summary_matches_broker" time="0.197" /><testcase classname="tests.test_ptsmiea_ctrader.TestPerformance" name="test_risk_and_availability" time="0.000" /><testcase classname="tests.test_ptsmiea_ctrader.TestSessionState" name="test_user_me_reports_ctrader_connection" time="0.077"><failure message="AssertionError: broker session not persisted (token/accounts empty)&#10;assert False is True">E   AssertionError: broker session not persisted (token/accounts empty)
    assert False is True</failure></testcase></testsuite></testsuites>